This is pdfTeX, Version 3.14159265-2.6-1.40.16 (TeX Live 2015/Debian) (preloaded format=pdflatex 2017.8.23)  19 OCT 2017 23:05
entering extended mode
 restricted \write18 enabled.
 %&-line parsing enabled.
**assignment4.tex
(./assignment4.tex
LaTeX2e <2016/02/01>
Babel <3.9q> and hyphenation patterns for 5 language(s) loaded.
(/usr/share/texlive/texmf-dist/tex/latex/koma-script/scrartcl.cls
Document Class: scrartcl 2015/10/03 v3.19a KOMA-Script document class (article)

(/usr/share/texlive/texmf-dist/tex/latex/koma-script/scrkbase.sty
Package: scrkbase 2015/10/03 v3.19a KOMA-Script package (KOMA-Script-dependent 
basics and keyval usage)

(/usr/share/texlive/texmf-dist/tex/latex/koma-script/scrbase.sty
Package: scrbase 2015/10/03 v3.19a KOMA-Script package (KOMA-Script-independent
 basics and keyval usage)

(/usr/share/texlive/texmf-dist/tex/latex/graphics/keyval.sty
Package: keyval 2014/10/28 v1.15 key=value parser (DPC)
\KV@toks@=\toks14
)
(/usr/share/texlive/texmf-dist/tex/latex/koma-script/scrlfile.sty
Package: scrlfile 2015/10/03 v3.19a KOMA-Script package (loading files)

Package scrlfile, 2015/10/03 v3.19a KOMA-Script package (loading files)
                  Copyright (C) Markus Kohm

))) (/usr/share/texlive/texmf-dist/tex/latex/koma-script/tocbasic.sty
Package: tocbasic 2015/10/03 v3.19a KOMA-Script package (handling toc-files)
)
Package tocbasic Info: omitting babel extension for `toc'
(tocbasic)             because of feature `nobabel' available
(tocbasic)             for `toc' on input line 123.
Package tocbasic Info: omitting babel extension for `lof'
(tocbasic)             because of feature `nobabel' available
(tocbasic)             for `lof' on input line 124.
Package tocbasic Info: omitting babel extension for `lot'
(tocbasic)             because of feature `nobabel' available
(tocbasic)             for `lot' on input line 125.
Class scrartcl Info: File `scrsize11pt.clo' used to setup font sizes on input l
ine 2033.

(/usr/share/texlive/texmf-dist/tex/latex/koma-script/scrsize11pt.clo
File: scrsize11pt.clo 2015/10/03 v3.19a KOMA-Script font size class option (11p
t)
)
(/usr/share/texlive/texmf-dist/tex/latex/koma-script/typearea.sty
Package: typearea 2015/10/03 v3.19a KOMA-Script package (type area)

Package typearea, 2015/10/03 v3.19a KOMA-Script package (type area)
                  Copyright (C) Frank Neukam, 1992-1994
                  Copyright (C) Markus Kohm, 1994-

\ta@bcor=\skip41
\ta@div=\count79
\ta@hblk=\skip42
\ta@vblk=\skip43
\ta@temp=\skip44
\footheight=\skip45
Package typearea Info: These are the values describing the layout:
(typearea)             DIV  = 10
(typearea)             BCOR = 0.0pt
(typearea)             \paperwidth      = 597.50793pt
(typearea)              \textwidth      = 418.25555pt
(typearea)              DIV departure   = -6%
(typearea)              \evensidemargin = 17.3562pt
(typearea)              \oddsidemargin  = 17.3562pt
(typearea)             \paperheight     = 845.04694pt
(typearea)              \textheight     = 595.80026pt
(typearea)              \topmargin      = -25.16531pt
(typearea)              \headheight     = 17.0pt
(typearea)              \headsep        = 20.40001pt
(typearea)              \topskip        = 11.0pt
(typearea)              \footskip       = 47.6pt
(typearea)              \baselineskip   = 13.6pt
(typearea)              on input line 1509.
)
\c@part=\count80
\c@section=\count81
\c@subsection=\count82
\c@subsubsection=\count83
\c@paragraph=\count84
\c@subparagraph=\count85
LaTeX Info: Redefining \textsubscript on input line 3906.
\abovecaptionskip=\skip46
\belowcaptionskip=\skip47
\c@pti@nb@sid@b@x=\box26
\c@figure=\count86
\c@table=\count87
\bibindent=\dimen102
) (/usr/share/texlive/texmf-dist/tex/latex/base/fontenc.sty
Package: fontenc 2005/09/27 v1.99g Standard LaTeX package

(/usr/share/texlive/texmf-dist/tex/latex/base/t1enc.def
File: t1enc.def 2005/09/27 v1.99g Standard LaTeX file
LaTeX Font Info:    Redeclaring font encoding T1 on input line 48.
))
(/usr/share/texlive/texmf-dist/tex/generic/babel/babel.sty
Package: babel 2016/02/24 3.9q The Babel package

(/usr/share/texlive/texmf-dist/tex/generic/babel-english/english.ldf
Language: english 2012/08/20 v3.3p English support from the babel system

(/usr/share/texlive/texmf-dist/tex/generic/babel/babel.def
File: babel.def 2016/02/24 3.9q Babel common definitions
\babel@savecnt=\count88
\U@D=\dimen103
)
\l@canadian = a dialect from \language\l@american 
\l@australian = a dialect from \language\l@british 
\l@newzealand = a dialect from \language\l@british 
))
(/usr/share/texlive/texmf-dist/tex/latex/mathtools/mathtools.sty
Package: mathtools 2015/11/12 v1.18 mathematical typesetting tools

(/usr/share/texlive/texmf-dist/tex/latex/tools/calc.sty
Package: calc 2014/10/28 v4.3 Infix arithmetic (KKT,FJ)
\calc@Acount=\count89
\calc@Bcount=\count90
\calc@Adimen=\dimen104
\calc@Bdimen=\dimen105
\calc@Askip=\skip48
\calc@Bskip=\skip49
LaTeX Info: Redefining \setlength on input line 80.
LaTeX Info: Redefining \addtolength on input line 81.
\calc@Ccount=\count91
\calc@Cskip=\skip50
)
(/usr/share/texlive/texmf-dist/tex/latex/mathtools/mhsetup.sty
Package: mhsetup 2010/01/21 v1.2a programming setup (MH)
)
(/usr/share/texlive/texmf-dist/tex/latex/amsmath/amsmath.sty
Package: amsmath 2016/03/03 v2.15a AMS math features
\@mathmargin=\skip51

For additional information on amsmath, use the `?' option.
(/usr/share/texlive/texmf-dist/tex/latex/amsmath/amstext.sty
Package: amstext 2000/06/29 v2.01 AMS text

(/usr/share/texlive/texmf-dist/tex/latex/amsmath/amsgen.sty
File: amsgen.sty 1999/11/30 v2.0 generic functions
\@emptytoks=\toks15
\ex@=\dimen106
))
(/usr/share/texlive/texmf-dist/tex/latex/amsmath/amsbsy.sty
Package: amsbsy 1999/11/29 v1.2d Bold Symbols
\pmbraise@=\dimen107
)
(/usr/share/texlive/texmf-dist/tex/latex/amsmath/amsopn.sty
Package: amsopn 1999/12/14 v2.01 operator names
)
\inf@bad=\count92
LaTeX Info: Redefining \frac on input line 199.
\uproot@=\count93
\leftroot@=\count94
LaTeX Info: Redefining \overline on input line 297.
\classnum@=\count95
\DOTSCASE@=\count96
LaTeX Info: Redefining \ldots on input line 394.
LaTeX Info: Redefining \dots on input line 397.
LaTeX Info: Redefining \cdots on input line 518.
\Mathstrutbox@=\box27
\strutbox@=\box28
\big@size=\dimen108
LaTeX Font Info:    Redeclaring font encoding OML on input line 630.
LaTeX Font Info:    Redeclaring font encoding OMS on input line 631.
\macc@depth=\count97
\c@MaxMatrixCols=\count98
\dotsspace@=\muskip10
\c@parentequation=\count99
\dspbrk@lvl=\count100
\tag@help=\toks16
\row@=\count101
\column@=\count102
\maxfields@=\count103
\andhelp@=\toks17
\eqnshift@=\dimen109
\alignsep@=\dimen110
\tagshift@=\dimen111
\tagwidth@=\dimen112
\totwidth@=\dimen113
\lineht@=\dimen114
\@envbody=\toks18
\multlinegap=\skip52
\multlinetaggap=\skip53
\mathdisplay@stack=\toks19
LaTeX Info: Redefining \[ on input line 2735.
LaTeX Info: Redefining \] on input line 2736.
)
LaTeX Info: Thecontrolsequence`\('isalreadyrobust on input line 129.
LaTeX Info: Thecontrolsequence`\)'isalreadyrobust on input line 129.
LaTeX Info: Thecontrolsequence`\['isalreadyrobust on input line 129.
LaTeX Info: Thecontrolsequence`\]'isalreadyrobust on input line 129.
\g_MT_multlinerow_int=\count104
\l_MT_multwidth_dim=\dimen115
\origjot=\skip54
\l_MT_shortvdotswithinadjustabove_dim=\dimen116
\l_MT_shortvdotswithinadjustbelow_dim=\dimen117
\l_MT_above_intertext_sep=\dimen118
\l_MT_below_intertext_sep=\dimen119
\l_MT_above_shortintertext_sep=\dimen120
\l_MT_below_shortintertext_sep=\dimen121
)
(/usr/share/texlive/texmf-dist/tex/latex/amsfonts/amsfonts.sty
Package: amsfonts 2013/01/14 v3.01 Basic AMSFonts support
\symAMSa=\mathgroup4
\symAMSb=\mathgroup5
LaTeX Font Info:    Overwriting math alphabet `\mathfrak' in version `bold'
(Font)                  U/euf/m/n --> U/euf/b/n on input line 106.
)
(/usr/share/texlive/texmf-dist/tex/latex/amscls/amsthm.sty
Package: amsthm 2015/03/04 v2.20.2
\thm@style=\toks20
\thm@bodyfont=\toks21
\thm@headfont=\toks22
\thm@notefont=\toks23
\thm@headpunct=\toks24
\thm@preskip=\skip55
\thm@postskip=\skip56
\thm@headsep=\skip57
\dth@everypar=\toks25
)
(/usr/share/texlive/texmf-dist/tex/latex/wrapfig/wrapfig.sty
\wrapoverhang=\dimen122
\WF@size=\dimen123
\c@WF@wrappedlines=\count105
\WF@box=\box29
\WF@everypar=\toks26
Package: wrapfig 2003/01/31  v 3.6
)
(/usr/share/texlive/texmf-dist/tex/latex/lipsum/lipsum.sty
Package: lipsum 2014/07/27 v1.3 150 paragraphs of Lorem Ipsum dummy text
\c@lips@count=\count106
)
(/usr/share/texlive/texmf-dist/tex/latex/hyperref/hyperref.sty
Package: hyperref 2012/11/06 v6.83m Hypertext links for LaTeX

(/usr/share/texlive/texmf-dist/tex/generic/oberdiek/hobsub-hyperref.sty
Package: hobsub-hyperref 2012/05/28 v1.13 Bundle oberdiek, subset hyperref (HO)


(/usr/share/texlive/texmf-dist/tex/generic/oberdiek/hobsub-generic.sty
Package: hobsub-generic 2012/05/28 v1.13 Bundle oberdiek, subset generic (HO)
Package: hobsub 2012/05/28 v1.13 Construct package bundles (HO)
Package: infwarerr 2010/04/08 v1.3 Providing info/warning/error messages (HO)
Package: ltxcmds 2011/11/09 v1.22 LaTeX kernel commands for general use (HO)
Package: ifluatex 2010/03/01 v1.3 Provides the ifluatex switch (HO)
Package ifluatex Info: LuaTeX not detected.
Package: ifvtex 2010/03/01 v1.5 Detect VTeX and its facilities (HO)
Package ifvtex Info: VTeX not detected.
Package: intcalc 2007/09/27 v1.1 Expandable calculations with integers (HO)
Package: ifpdf 2011/01/30 v2.3 Provides the ifpdf switch (HO)
Package ifpdf Info: pdfTeX in PDF mode is detected.
Package: etexcmds 2011/02/16 v1.5 Avoid name clashes with e-TeX commands (HO)
Package etexcmds Info: Could not find \expanded.
(etexcmds)             That can mean that you are not using pdfTeX 1.50 or
(etexcmds)             that some package has redefined \expanded.
(etexcmds)             In the latter case, load this package earlier.
Package: kvsetkeys 2012/04/25 v1.16 Key value parser (HO)
Package: kvdefinekeys 2011/04/07 v1.3 Define keys (HO)
Package: pdftexcmds 2011/11/29 v0.20 Utility functions of pdfTeX for LuaTeX (HO
)
Package pdftexcmds Info: LuaTeX not detected.
Package pdftexcmds Info: \pdf@primitive is available.
Package pdftexcmds Info: \pdf@ifprimitive is available.
Package pdftexcmds Info: \pdfdraftmode found.
Package: pdfescape 2011/11/25 v1.13 Implements pdfTeX's escape features (HO)
Package: bigintcalc 2012/04/08 v1.3 Expandable calculations on big integers (HO
)
Package: bitset 2011/01/30 v1.1 Handle bit-vector datatype (HO)
Package: uniquecounter 2011/01/30 v1.2 Provide unlimited unique counter (HO)
)
Package hobsub Info: Skipping package `hobsub' (already loaded).
Package: letltxmacro 2010/09/02 v1.4 Let assignment for LaTeX macros (HO)
Package: hopatch 2012/05/28 v1.2 Wrapper for package hooks (HO)
Package: xcolor-patch 2011/01/30 xcolor patch
Package: atveryend 2011/06/30 v1.8 Hooks at the very end of document (HO)
Package atveryend Info: \enddocument detected (standard20110627).
Package: atbegshi 2011/10/05 v1.16 At begin shipout hook (HO)
Package: refcount 2011/10/16 v3.4 Data extraction from label references (HO)
Package: hycolor 2011/01/30 v1.7 Color options for hyperref/bookmark (HO)
)
(/usr/share/texlive/texmf-dist/tex/generic/ifxetex/ifxetex.sty
Package: ifxetex 2010/09/12 v0.6 Provides ifxetex conditional
)
(/usr/share/texlive/texmf-dist/tex/latex/oberdiek/auxhook.sty
Package: auxhook 2011/03/04 v1.3 Hooks for auxiliary files (HO)
)
(/usr/share/texlive/texmf-dist/tex/latex/oberdiek/kvoptions.sty
Package: kvoptions 2011/06/30 v3.11 Key value format for package options (HO)
)
\@linkdim=\dimen124
\Hy@linkcounter=\count107
\Hy@pagecounter=\count108

(/usr/share/texlive/texmf-dist/tex/latex/hyperref/pd1enc.def
File: pd1enc.def 2012/11/06 v6.83m Hyperref: PDFDocEncoding definition (HO)
)
\Hy@SavedSpaceFactor=\count109

(/usr/share/texlive/texmf-dist/tex/latex/latexconfig/hyperref.cfg
File: hyperref.cfg 2002/06/06 v1.2 hyperref configuration of TeXLive
)
Package hyperref Info: Hyper figures OFF on input line 4443.
Package hyperref Info: Link nesting OFF on input line 4448.
Package hyperref Info: Hyper index ON on input line 4451.
Package hyperref Info: Plain pages OFF on input line 4458.
Package hyperref Info: Backreferencing OFF on input line 4463.
Package hyperref Info: Implicit mode ON; LaTeX internals redefined.
Package hyperref Info: Bookmarks ON on input line 4688.
\c@Hy@tempcnt=\count110

(/usr/share/texlive/texmf-dist/tex/latex/url/url.sty
\Urlmuskip=\muskip11
Package: url 2013/09/16  ver 3.4  Verb mode for urls, etc.
)
LaTeX Info: Redefining \url on input line 5041.
\XeTeXLinkMargin=\dimen125
\Fld@menulength=\count111
\Field@Width=\dimen126
\Fld@charsize=\dimen127
Package hyperref Info: Hyper figures OFF on input line 6295.
Package hyperref Info: Link nesting OFF on input line 6300.
Package hyperref Info: Hyper index ON on input line 6303.
Package hyperref Info: backreferencing OFF on input line 6310.
Package hyperref Info: Link coloring OFF on input line 6315.
Package hyperref Info: Link coloring with OCG OFF on input line 6320.
Package hyperref Info: PDF/A mode OFF on input line 6325.
LaTeX Info: Redefining \ref on input line 6365.
LaTeX Info: Redefining \pageref on input line 6369.
\Hy@abspage=\count112
\c@Item=\count113
\c@Hfootnote=\count114
)

Package hyperref Message: Driver (autodetected): hpdftex.

(/usr/share/texlive/texmf-dist/tex/latex/hyperref/hpdftex.def
File: hpdftex.def 2012/11/06 v6.83m Hyperref driver for pdfTeX
\Fld@listcount=\count115
\c@bookmark@seq@number=\count116

(/usr/share/texlive/texmf-dist/tex/latex/oberdiek/rerunfilecheck.sty
Package: rerunfilecheck 2011/04/15 v1.7 Rerun checks for auxiliary files (HO)
Package uniquecounter Info: New unique counter `rerunfilecheck' on input line 2
82.
)
\Hy@SectionHShift=\skip58
)
(/usr/share/texlive/texmf-dist/tex/latex/numberedblock/numberedblock.sty
Package: numberedblock 2014/02/24 v1.10

(/usr/share/texlive/texmf-dist/tex/latex/tools/verbatim.sty
Package: verbatim 2014/10/28 v1.5q LaTeX2e package for verbatim enhancements
\every@verbatim=\toks27
\verbatim@line=\toks28
\verbatim@in@stream=\read1
)
(/usr/share/texlive/texmf-dist/tex/latex/verbatimbox/verbatimbox.sty
Package: verbatimbox 2014/03/12 v3.13 Routines for placing verbatim text into b
oxes, useful in places where the verbatim environment is inaccessible. Secondar
ily, for adding vertical buffer around an object.

(/usr/share/texlive/texmf-dist/tex/latex/readarray/readarray.sty
Package: readarray 2013/05/09 v1.2 Routines for inputting array data and recall
ing it on an element-by-element basis. Currently supports 2-D and 3-D array

(/usr/share/texlive/texmf-dist/tex/latex/base/ifthen.sty
Package: ifthen 2014/09/29 v1.1c Standard LaTeX ifthen package (DPC)
)
(/usr/share/texlive/texmf-dist/tex/latex/ifnextok/ifnextok.sty
Package: ifnextok 2011/06/27 v0.3 test next token (UL)
)
\c@@index=\count117
\c@@plane=\count118
\c@@row=\count119
\c@@col=\count120
\c@use@args=\count121
\c@@record=\count122
\c@arg@index=\count123
\c@break@count=\count124
)
\savedverbbox=\box30
\c@VerbboxLineNo=\count125
\boxtopsep=\dimen128
\boxbottomsep=\dimen129
\ps@tempdima=\dimen130
\ps@tempboxa=\box31
\boxtop@sep=\skip59
\boxbottom@sep=\skip60
)
\c@nb@counter=\count126
\@savedverbbox=\box32
\maxblocklabelsize=\skip61
\blockindent=\skip62
\c@blocknum=\count127
\codeblockwidth=\skip63
\parindentsave=\skip64
)
(/usr/share/texlive/texmf-dist/tex/latex/graphics/graphicx.sty
Package: graphicx 2014/10/28 v1.0g Enhanced LaTeX Graphics (DPC,SPQR)

(/usr/share/texlive/texmf-dist/tex/latex/graphics/graphics.sty
Package: graphics 2016/01/03 v1.0q Standard LaTeX Graphics (DPC,SPQR)

(/usr/share/texlive/texmf-dist/tex/latex/graphics/trig.sty
Package: trig 2016/01/03 v1.10 sin cos tan (DPC)
)
(/usr/share/texlive/texmf-dist/tex/latex/latexconfig/graphics.cfg
File: graphics.cfg 2010/04/23 v1.9 graphics configuration of TeX Live
)
Package graphics Info: Driver file: pdftex.def on input line 95.

(/usr/share/texlive/texmf-dist/tex/latex/pdftex-def/pdftex.def
File: pdftex.def 2011/05/27 v0.06d Graphics/color for pdfTeX
\Gread@gobject=\count128
))
\Gin@req@height=\dimen131
\Gin@req@width=\dimen132
)
Package hyperref Info: Option `colorlinks' set `true' on input line 40.

(/usr/share/texlive/texmf-dist/tex/latex/sectsty/sectsty.sty
Package: sectsty 2002/02/25 v2.0.2 Commands to change all sectional heading sty
les
)

Class scrartcl Warning: Usage of package `fancyhdr' together
(scrartcl)              with a KOMA-Script class is not recommended.
(scrartcl)              I'd suggest to use 
(scrartcl)              package `scrlayer-scrpage'.
(scrartcl)              Nevertheless, using requested
(scrartcl)              package `fancyhdr' on input line 47.

(/usr/share/texlive/texmf-dist/tex/latex/fancyhdr/fancyhdr.sty
\fancy@headwidth=\skip65
\f@ncyO@elh=\skip66
\f@ncyO@erh=\skip67
\f@ncyO@olh=\skip68
\f@ncyO@orh=\skip69
\f@ncyO@elf=\skip70
\f@ncyO@erf=\skip71
\f@ncyO@olf=\skip72
\f@ncyO@orf=\skip73
)

Class scrartcl Warning: Usage of package `titlesec' together
(scrartcl)              with a KOMA-Script class is not recommended.
(scrartcl)              I'd suggest to use the package only
(scrartcl)              if you really need it, because it breaks several
(scrartcl)              KOMA-Script features, i.e., option `headings' and
(scrartcl)              the extended optional argument of the section
(scrartcl)              commands.
(scrartcl)              Nevertheless, using requested
(scrartcl)              package `titlesec' on input line 57.

(/usr/share/texlive/texmf-dist/tex/latex/titlesec/titlesec.sty
Package: titlesec 2016/03/15 v2.10.1 Sectioning titles
\ttl@box=\box33
\beforetitleunit=\skip74
\aftertitleunit=\skip75
\ttl@plus=\dimen133
\ttl@minus=\dimen134
\ttl@toksa=\toks29
\titlewidth=\dimen135
\titlewidthlast=\dimen136
\titlewidthfirst=\dimen137
)
Class scrartcl Info: Deactivating the `titlesec` workaround,
(scrartcl)           because package is newer than expected on input line 57.

(./assignment4.aux)
\openout1 = `assignment4.aux'.

LaTeX Font Info:    Checking defaults for OML/cmm/m/it on input line 93.
LaTeX Font Info:    ... okay on input line 93.
LaTeX Font Info:    Checking defaults for T1/cmr/m/n on input line 93.
LaTeX Font Info:    ... okay on input line 93.
LaTeX Font Info:    Checking defaults for OT1/cmr/m/n on input line 93.
LaTeX Font Info:    ... okay on input line 93.
LaTeX Font Info:    Checking defaults for OMS/cmsy/m/n on input line 93.
LaTeX Font Info:    ... okay on input line 93.
LaTeX Font Info:    Checking defaults for OMX/cmex/m/n on input line 93.
LaTeX Font Info:    ... okay on input line 93.
LaTeX Font Info:    Checking defaults for U/cmr/m/n on input line 93.
LaTeX Font Info:    ... okay on input line 93.
LaTeX Font Info:    Checking defaults for PD1/pdf/m/n on input line 93.
LaTeX Font Info:    ... okay on input line 93.
\AtBeginShipoutBox=\box34
 (/usr/share/texlive/texmf-dist/tex/latex/graphics/color.sty
Package: color 2016/01/03 v1.1b Standard LaTeX Color (DPC)
(/usr/share/texlive/texmf-dist/tex/latex/latexconfig/color.cfg
File: color.cfg 2007/01/18 v1.5 color configuration of teTeX/TeXLive
)
Package color Info: Driver file: pdftex.def on input line 143.
)
Package hyperref Info: Link coloring ON on input line 93.

(/usr/share/texlive/texmf-dist/tex/latex/hyperref/nameref.sty
Package: nameref 2012/10/27 v2.43 Cross-referencing by name of section

(/usr/share/texlive/texmf-dist/tex/generic/oberdiek/gettitlestring.sty
Package: gettitlestring 2010/12/03 v1.4 Cleanup title references (HO)
)
\c@section@level=\count129
)
LaTeX Info: Redefining \ref on input line 93.
LaTeX Info: Redefining \pageref on input line 93.
LaTeX Info: Redefining \nameref on input line 93.

(./assignment4.out) (./assignment4.out)
\@outlinefile=\write3
\openout3 = `assignment4.out'.


(/usr/share/texlive/texmf-dist/tex/context/base/supp-pdf.mkii
[Loading MPS to PDF converter (version 2006.09.02).]
\scratchcounter=\count130
\scratchdimen=\dimen138
\scratchbox=\box35
\nofMPsegments=\count131
\nofMParguments=\count132
\everyMPshowfont=\toks30
\MPscratchCnt=\count133
\MPscratchDim=\dimen139
\MPnumerator=\count134
\makeMPintoPDFobject=\count135
\everyMPtoPDFconversion=\toks31
) (/usr/share/texlive/texmf-dist/tex/latex/oberdiek/epstopdf-base.sty
Package: epstopdf-base 2010/02/09 v2.5 Base part for package epstopdf

(/usr/share/texlive/texmf-dist/tex/latex/oberdiek/grfext.sty
Package: grfext 2010/08/19 v1.1 Manage graphics extensions (HO)
)
Package grfext Info: Graphics extension search list:
(grfext)             [.png,.pdf,.jpg,.mps,.jpeg,.jbig2,.jb2,.PNG,.PDF,.JPG,.JPE
G,.JBIG2,.JB2,.eps]
(grfext)             \AppendGraphicsExtensions on input line 452.

(/usr/share/texlive/texmf-dist/tex/latex/latexconfig/epstopdf-sys.cfg
File: epstopdf-sys.cfg 2010/07/13 v1.3 Configuration of (r)epstopdf for TeX Liv
e
))
LaTeX Font Info:    Try loading font information for T1+cmss on input line 96.

(/usr/share/texlive/texmf-dist/tex/latex/base/t1cmss.fd
File: t1cmss.fd 2014/09/29 v2.5h Standard LaTeX font definitions
)
LaTeX Font Info:    Try loading font information for U+msa on input line 96.

(/usr/share/texlive/texmf-dist/tex/latex/amsfonts/umsa.fd
File: umsa.fd 2013/01/14 v3.01 AMS symbols A
)
LaTeX Font Info:    Try loading font information for U+msb on input line 96.

(/usr/share/texlive/texmf-dist/tex/latex/amsfonts/umsb.fd
File: umsb.fd 2013/01/14 v3.01 AMS symbols B
)
Underfull \hbox (badness 10000) in paragraph at lines 108--109

 []

[1


{/var/lib/texmf/fonts/map/pdftex/updmap/pdftex.map}]
Underfull \hbox (badness 10000) in paragraph at lines 148--150

 []

[2]
Underfull \hbox (badness 10000) in paragraph at lines 170--172

 []


Overfull \hbox (10.80154pt too wide) detected at line 193
\OT1/cmr/m/n/10.95 ^^A(\OML/cmm/m/it/10.95 X; Y\OT1/cmr/m/n/10.95 ) = 2 [] \OMS
/cmsy/m/n/10.95 jj\OML/cmm/m/it/10.95 x[]\OMS/cmsy/m/n/10.95 jj\OML/cmm/m/it/10
.95 ^^V[] \OMS/cmsy/m/n/10.95 ^^@ [] \OML/cmm/m/it/10.95 ^^V[] \OT1/cmr/m/n/10.
95 + 2 [] \OMS/cmsy/m/n/10.95 jj\OML/cmm/m/it/10.95 x[]\OMS/cmsy/m/n/10.95 jj\O
ML/cmm/m/it/10.95 ^^V[] \OMS/cmsy/m/n/10.95 ^^@ [] \OML/cmm/m/it/10.95 ^^V[] \O
MS/cmsy/m/n/10.95 ^^@ \OT1/cmr/m/n/10.95 2 [] \OMS/cmsy/m/n/10.95 jj\OML/cmm/m/
it/10.95 x[]\OMS/cmsy/m/n/10.95 jj\OML/cmm/m/it/10.95 ^^V[] \OT1/cmr/m/n/10.95 
+ [] \OML/cmm/m/it/10.95 ^^V[]
 []


Underfull \hbox (badness 10000) in paragraph at lines 198--200

 []


Overfull \hbox (52.20071pt too wide) detected at line 202
\OT1/cmr/m/n/10.95 = 2 [] \OMS/cmsy/m/n/10.95 jj\OML/cmm/m/it/10.95 x[]\OMS/cms
y/m/n/10.95 jj\OML/cmm/m/it/10.95 ^^V[] \OMS/cmsy/m/n/10.95 ^^@ \OML/cmm/m/it/1
0.95 n[]^^V[] \OT1/cmr/m/n/10.95 + 2 [] \OMS/cmsy/m/n/10.95 jj\OML/cmm/m/it/10.
95 x[]\OMS/cmsy/m/n/10.95 jj\OML/cmm/m/it/10.95 ^^V[] \OMS/cmsy/m/n/10.95 ^^@ \
OML/cmm/m/it/10.95 n[]^^V[] \OMS/cmsy/m/n/10.95 ^^@ \OT1/cmr/m/n/10.95 2 [] \OM
S/cmsy/m/n/10.95 jj\OML/cmm/m/it/10.95 x[]\OMS/cmsy/m/n/10.95 jj\OML/cmm/m/it/1
0.95 ^^V[] \OT1/cmr/m/n/10.95 + (\OML/cmm/m/it/10.95 n[] \OT1/cmr/m/n/10.95 + \
OML/cmm/m/it/10.95 n[]\OT1/cmr/m/n/10.95 ) [][]
 []


Overfull \hbox (4.76646pt too wide) detected at line 206
\OT1/cmr/m/n/10.95 = [] \OMS/cmsy/m/n/10.95 ^^@ \OML/cmm/m/it/10.95 n[]^^V[] \O
MS/cmsy/m/n/10.95 ^^@ \OML/cmm/m/it/10.95 n[]^^V[] \OMS/cmsy/m/n/10.95 ^^@ \OT1
/cmr/m/n/10.95 2 [] \OMS/cmsy/m/n/10.95 jj\OML/cmm/m/it/10.95 x[]\OMS/cmsy/m/n/
10.95 jj\OML/cmm/m/it/10.95 ^^V[] \OT1/cmr/m/n/10.95 + 2 [] \OMS/cmsy/m/n/10.95
 jj\OML/cmm/m/it/10.95 x[]\OMS/cmsy/m/n/10.95 jj\OML/cmm/m/it/10.95 ^^V[] \OT1/
cmr/m/n/10.95 + 2 [] \OMS/cmsy/m/n/10.95 jj\OML/cmm/m/it/10.95 x[]\OMS/cmsy/m/n
/10.95 jj\OML/cmm/m/it/10.95 ^^V[]
 []


Underfull \hbox (badness 10000) in paragraph at lines 206--208

 []


Underfull \hbox (badness 10000) in paragraph at lines 210--212

 []


Underfull \hbox (badness 10000) in paragraph at lines 214--216

 []

[3]
Underfull \hbox (badness 10000) in paragraph at lines 218--220

 []


Underfull \hbox (badness 10000) in paragraph at lines 222--224

 []

Package atveryend Info: Empty hook `BeforeClearDocument' on input line 239.
[4]
Package atveryend Info: Empty hook `AfterLastShipout' on input line 239.
 (./assignment4.aux)
Package atveryend Info: Executing hook `AtVeryEndDocument' on input line 239.
Package atveryend Info: Executing hook `AtEndAfterFileList' on input line 239.
Package rerunfilecheck Info: File `assignment4.out' has not changed.
(rerunfilecheck)             Checksum: 73EC5675B9872ABF5C152AAC6CE0CA04;138.
Package atveryend Info: Empty hook `AtVeryVeryEnd' on input line 239.
 ) 
Here is how much of TeX's memory you used:
 9640 strings out of 494910
 144631 string characters out of 6179836
 398945 words of memory out of 5000000
 12778 multiletter control sequences out of 15000+600000
 21422 words of font info for 57 fonts, out of 8000000 for 9000
 36 hyphenation exceptions out of 8191
 45i,12n,47p,649b,349s stack positions out of 5000i,500n,10000p,200000b,80000s
 </home/adityas/.texmf-var/fonts/pk/ljfour/jknappen/ec/ecxc1200.600pk> </home
/adityas/.texmf-var/fonts/pk/ljfour/jknappen/ec/eccc1200.600pk> </home/adityas/
.texmf-var/fonts/pk/ljfour/jknappen/ec/ecbx1440.600pk> </home/adityas/.texmf-va
r/fonts/pk/ljfour/jknappen/ec/ecrm1095.600pk> </home/adityas/.texmf-var/fonts/p
k/ljfour/jknappen/ec/ecrm1440.600pk> </home/adityas/.texmf-var/fonts/pk/ljfour/
jknappen/ec/ecrm2074.600pk> </home/adityas/.texmf-var/fonts/pk/ljfour/jknappen/
ec/eccc1095.600pk></usr/share/texlive/texmf-dist/fonts/type1/public/amsfonts/cm
/cmex10.pfb></usr/share/texlive/texmf-dist/fonts/type1/public/amsfonts/cm/cmmi1
0.pfb></usr/share/texlive/texmf-dist/fonts/type1/public/amsfonts/cm/cmmi8.pfb><
/usr/share/texlive/texmf-dist/fonts/type1/public/amsfonts/cm/cmr10.pfb></usr/sh
are/texlive/texmf-dist/fonts/type1/public/amsfonts/cm/cmr6.pfb></usr/share/texl
ive/texmf-dist/fonts/type1/public/amsfonts/cm/cmr8.pfb></usr/share/texlive/texm
f-dist/fonts/type1/public/amsfonts/cm/cmsy10.pfb></usr/share/texlive/texmf-dist
/fonts/type1/public/amsfonts/cm/cmsy8.pfb>
Output written on assignment4.pdf (4 pages, 124492 bytes).
PDF statistics:
 244 PDF objects out of 1000 (max. 8388607)
 81 compressed objects within 1 object stream
 7 named destinations out of 1000 (max. 500000)
 17 words of extra memory for PDF output out of 10000 (max. 10000000)

